Log at : 2020/11/20|10:55:53|GMT+0800

Log at : 2020/11/20|10:55:53|GMT+0800

TypeError: Cannot read property 'C51' of undefined
    at b.getIncString (c:\Users\SU\.vscode\extensions\cl.keil-assistant-1.6.2\dist\extension.js:1:13625)
    at b.<anonymous> (c:\Users\SU\.vscode\extensions\cl.keil-assistant-1.6.2\dist\extension.js:1:10429)
    at Generator.next (<anonymous>)
    at c:\Users\SU\.vscode\extensions\cl.keil-assistant-1.6.2\dist\extension.js:1:4542
    at new Promise (<anonymous>)
    at r (c:\Users\SU\.vscode\extensions\cl.keil-assistant-1.6.2\dist\extension.js:1:4287)
    at b.load (c:\Users\SU\.vscode\extensions\cl.keil-assistant-1.6.2\dist\extension.js:1:10382)
    at x.<anonymous> (c:\Users\SU\.vscode\extensions\cl.keil-assistant-1.6.2\dist\extension.js:1:8182)
    at Generator.next (<anonymous>)
    at a (c:\Users\SU\.vscode\extensions\cl.keil-assistant-1.6.2\dist\extension.js:1:4344)
    at processTicksAndRejections (internal/process/task_queues.js:94:5)
TypeError: Cannot read property 'C51' of undefined
    at b.getIncString (c:\Users\SU\.vscode\extensions\cl.keil-assistant-1.6.2\dist\extension.js:1:13625)
    at b.<anonymous> (c:\Users\SU\.vscode\extensions\cl.keil-assistant-1.6.2\dist\extension.js:1:10429)
    at Generator.next (<anonymous>)
    at c:\Users\SU\.vscode\extensions\cl.keil-assistant-1.6.2\dist\extension.js:1:4542
    at new Promise (<anonymous>)
    at r (c:\Users\SU\.vscode\extensions\cl.keil-assistant-1.6.2\dist\extension.js:1:4287)
    at b.load (c:\Users\SU\.vscode\extensions\cl.keil-assistant-1.6.2\dist\extension.js:1:10382)
    at x.<anonymous> (c:\Users\SU\.vscode\extensions\cl.keil-assistant-1.6.2\dist\extension.js:1:8182)
    at Generator.next (<anonymous>)
    at a (c:\Users\SU\.vscode\extensions\cl.keil-assistant-1.6.2\dist\extension.js:1:4344)
    at processTicksAndRejections (internal/process/task_queues.js:94:5)
